2026-04-07 21:31:24,506 INFO o.a.j.u.JMeterUtils: Setting Locale to en_EN
2026-04-07 21:31:24,517 INFO o.a.j.JMeter: Loading user properties from: /opt/homebrew/Cellar/jmeter/5.6.3/libexec/bin/user.properties
2026-04-07 21:31:24,517 INFO o.a.j.JMeter: Loading system properties from: /opt/homebrew/Cellar/jmeter/5.6.3/libexec/bin/system.properties
2026-04-07 21:31:24,517 INFO o.a.j.JMeter: Setting JMeter property: serverHost=localhost
2026-04-07 21:31:24,517 INFO o.a.j.JMeter: Setting JMeter property: serverPort=8080
2026-04-07 21:31:24,517 INFO o.a.j.JMeter: Setting JMeter property: roadMapId=2
2026-04-07 21:31:24,520 INFO o.a.j.JMeter: Copyright (c) 1998-2024 The Apache Software Foundation
2026-04-07 21:31:24,520 INFO o.a.j.JMeter: Version 5.6.3
2026-04-07 21:31:24,520 INFO o.a.j.JMeter: java.version=21.0.10
2026-04-07 21:31:24,520 INFO o.a.j.JMeter: java.vm.name=OpenJDK 64-Bit Server VM
2026-04-07 21:31:24,520 INFO o.a.j.JMeter: os.name=Mac OS X
2026-04-07 21:31:24,520 INFO o.a.j.JMeter: os.arch=aarch64
2026-04-07 21:31:24,520 INFO o.a.j.JMeter: os.version=26.4
2026-04-07 21:31:24,520 INFO o.a.j.JMeter: file.encoding=UTF-8
2026-04-07 21:31:24,520 INFO o.a.j.JMeter: java.awt.headless=true
2026-04-07 21:31:24,520 INFO o.a.j.JMeter: Max memory     =1073741824
2026-04-07 21:31:24,520 INFO o.a.j.JMeter: Available Processors =8
2026-04-07 21:31:24,525 INFO o.a.j.JMeter: Default Locale=English (EN)
2026-04-07 21:31:24,525 INFO o.a.j.JMeter: JMeter  Locale=English (EN)
2026-04-07 21:31:24,525 INFO o.a.j.JMeter: JMeterHome=/opt/homebrew/Cellar/jmeter/5.6.3/libexec
2026-04-07 21:31:24,525 INFO o.a.j.JMeter: user.dir  =/Users/vladislavmogilnyj/programming2course/labs4sem/RoadMap2026
2026-04-07 21:31:24,525 INFO o.a.j.JMeter: PWD       =/Users/vladislavmogilnyj/programming2course/labs4sem/RoadMap2026
2026-04-07 21:31:24,527 INFO o.a.j.JMeter: IP: 127.0.0.1 Name: Noutbuk-Vladislav.local FullName: localhost
2026-04-07 21:31:24,533 INFO o.a.j.JMeter: Setting property 'jmeter.reportgenerator.outputdir' to:'/Users/vladislavmogilnyj/programming2course/labs4sem/RoadMap2026/jmeter/results/lab7-html-report'
2026-04-07 21:31:24,534 INFO o.a.j.s.FileServer: Default base='/Users/vladislavmogilnyj/programming2course/labs4sem/RoadMap2026'
2026-04-07 21:31:24,535 INFO o.a.j.s.FileServer: Set new base='/Users/vladislavmogilnyj/programming2course/labs4sem/RoadMap2026/jmeter'
2026-04-07 21:31:24,608 INFO o.a.j.s.SaveService: Testplan (JMX) version: 2.2. Testlog (JTL) version: 2.2
2026-04-07 21:31:24,623 INFO o.a.j.s.SaveService: Using SaveService properties version 5.0
2026-04-07 21:31:24,624 INFO o.a.j.s.SaveService: Using SaveService properties file encoding UTF-8
2026-04-07 21:31:24,625 INFO o.a.j.s.SaveService: Loading file: jmeter/RoadMap2026_Lab7_Async_Concurrency_Load_Test.jmx
2026-04-07 21:31:24,650 INFO o.a.j.p.h.s.HTTPSamplerBase: Parser for text/html is org.apache.jmeter.protocol.http.parser.LagartoBasedHtmlParser
2026-04-07 21:31:24,651 INFO o.a.j.p.h.s.HTTPSamplerBase: Parser for application/xhtml+xml is org.apache.jmeter.protocol.http.parser.LagartoBasedHtmlParser
2026-04-07 21:31:24,651 INFO o.a.j.p.h.s.HTTPSamplerBase: Parser for application/xml is org.apache.jmeter.protocol.http.parser.LagartoBasedHtmlParser
2026-04-07 21:31:24,651 INFO o.a.j.p.h.s.HTTPSamplerBase: Parser for text/xml is org.apache.jmeter.protocol.http.parser.LagartoBasedHtmlParser
2026-04-07 21:31:24,651 INFO o.a.j.p.h.s.HTTPSamplerBase: Parser for text/vnd.wap.wml is org.apache.jmeter.protocol.http.parser.RegexpHTMLParser
2026-04-07 21:31:24,651 INFO o.a.j.p.h.s.HTTPSamplerBase: Parser for text/css is org.apache.jmeter.protocol.http.parser.CssParser
2026-04-07 21:31:24,660 INFO o.a.j.JMeter: Creating summariser <summary>
2026-04-07 21:31:24,665 INFO o.a.j.r.d.ReportGenerator: ReportGenerator will use for Parsing the separator: ','
2026-04-07 21:31:24,665 INFO o.a.j.r.d.ReportGenerator: Will generate report at end of test from  results file: jmeter/results/lab7-results.jtl
2026-04-07 21:31:24,665 INFO o.a.j.r.d.ReportGenerator: Reading report generator properties from: /opt/homebrew/Cellar/jmeter/5.6.3/libexec/bin/reportgenerator.properties
2026-04-07 21:31:24,665 INFO o.a.j.r.d.ReportGenerator: Merging with JMeter properties
2026-04-07 21:31:24,667 INFO o.a.j.r.c.ReportGeneratorConfiguration: Property 'jmeter.reportgenerator.temp_dir' not found, using default value 'temp' instead.
2026-04-07 21:31:24,668 INFO o.a.j.r.c.ReportGeneratorConfiguration: Property 'jmeter.reportgenerator.apdex_per_transaction' not found, using default value 'null' instead.
2026-04-07 21:31:24,668 INFO o.a.j.r.c.ReportGeneratorConfiguration: apdex_per_transaction is empty, not APDEX per transaction customization
2026-04-07 21:31:24,668 INFO o.a.j.r.c.ReportGeneratorConfiguration: Property 'jmeter.reportgenerator.sample_filter' not found, using default value 'null' instead.
2026-04-07 21:31:24,668 INFO o.a.j.r.c.ReportGeneratorConfiguration: Property 'jmeter.reportgenerator.report_title' not found, using default value 'null' instead.
2026-04-07 21:31:24,668 INFO o.a.j.r.c.ReportGeneratorConfiguration: Property 'jmeter.reportgenerator.start_date' not found, using default value 'null' instead.
2026-04-07 21:31:24,668 INFO o.a.j.r.c.ReportGeneratorConfiguration: Property 'jmeter.reportgenerator.end_date' not found, using default value 'null' instead.
2026-04-07 21:31:24,668 INFO o.a.j.r.c.ReportGeneratorConfiguration: Property 'jmeter.reportgenerator.date_format' not found, using default value 'null' instead.
2026-04-07 21:31:24,669 INFO o.a.j.r.c.ReportGeneratorConfiguration: Will use date range start date: null, end date: null
2026-04-07 21:31:24,670 INFO o.a.j.r.c.ReportGeneratorConfiguration: Property 'jmeter.reportgenerator.graph.totalTPS.exclude_controllers' not found, using default value 'false' instead.
2026-04-07 21:31:24,670 INFO o.a.j.r.c.ReportGeneratorConfiguration: Property 'jmeter.reportgenerator.graph.activeThreadsOverTime.exclude_controllers' not found, using default value 'false' instead.
2026-04-07 21:31:24,670 INFO o.a.j.r.c.ReportGeneratorConfiguration: Property 'jmeter.reportgenerator.graph.timeVsThreads.exclude_controllers' not found, using default value 'false' instead.
2026-04-07 21:31:24,670 INFO o.a.j.r.c.ReportGeneratorConfiguration: Property 'jmeter.reportgenerator.graph.responseTimeDistribution.exclude_controllers' not found, using default value 'false' instead.
2026-04-07 21:31:24,670 INFO o.a.j.r.c.ReportGeneratorConfiguration: Property 'jmeter.reportgenerator.graph.transactionsPerSecond.exclude_controllers' not found, using default value 'false' instead.
2026-04-07 21:31:24,671 INFO o.a.j.r.c.ReportGeneratorConfiguration: Property 'jmeter.reportgenerator.graph.responseTimePercentiles.exclude_controllers' not found, using default value 'false' instead.
2026-04-07 21:31:24,671 INFO o.a.j.r.c.ReportGeneratorConfiguration: Property 'jmeter.reportgenerator.graph.responseTimePercentilesOverTime.exclude_controllers' not found, using default value 'false' instead.
2026-04-07 21:31:24,671 INFO o.a.j.r.c.ReportGeneratorConfiguration: Property 'jmeter.reportgenerator.graph.responseTimesOverTime.exclude_controllers' not found, using default value 'false' instead.
2026-04-07 21:31:24,671 INFO o.a.j.r.c.ReportGeneratorConfiguration: Property 'jmeter.reportgenerator.graph.connectTimeOverTime.exclude_controllers' not found, using default value 'false' instead.
2026-04-07 21:31:24,671 INFO o.a.j.r.c.ReportGeneratorConfiguration: Property 'jmeter.reportgenerator.graph.latenciesOverTime.exclude_controllers' not found, using default value 'false' instead.
2026-04-07 21:31:24,671 INFO o.a.j.r.c.ReportGeneratorConfiguration: Property 'jmeter.reportgenerator.exporter.json.filters_only_sample_series' not found, using default value 'true' instead.
2026-04-07 21:31:24,671 INFO o.a.j.r.c.ReportGeneratorConfiguration: Property 'jmeter.reportgenerator.exporter.json.series_filter' not found, using default value '' instead.
2026-04-07 21:31:24,671 INFO o.a.j.r.c.ReportGeneratorConfiguration: Property 'jmeter.reportgenerator.exporter.json.show_controllers_only' not found, using default value 'false' instead.
2026-04-07 21:31:24,671 INFO o.a.j.r.c.ReportGeneratorConfiguration: Property 'jmeter.reportgenerator.exporter.html.filters_only_sample_series' not found, using default value 'true' instead.
2026-04-07 21:31:24,671 INFO o.a.j.r.c.ReportGeneratorConfiguration: Property 'jmeter.reportgenerator.exporter.html.series_filter' not found, using default value '' instead.
2026-04-07 21:31:24,671 INFO o.a.j.r.c.ReportGeneratorConfiguration: Property 'jmeter.reportgenerator.exporter.html.show_controllers_only' not found, using default value 'false' instead.
2026-04-07 21:31:24,677 INFO o.a.j.e.StandardJMeterEngine: Running the test!
2026-04-07 21:31:24,677 INFO o.a.j.s.SampleEvent: List of sample_variables: []
2026-04-07 21:31:24,677 INFO o.a.j.s.SampleEvent: List of sample_variables: []
2026-04-07 21:31:24,679 INFO o.a.j.e.u.CompoundVariable: Note: Function class names must contain the string: '.functions.'
2026-04-07 21:31:24,679 INFO o.a.j.e.u.CompoundVariable: Note: Function class names must not contain the string: '.gui.'
2026-04-07 21:31:24,709 INFO o.a.j.r.ClassFinder: Will scan jar /opt/homebrew/Cellar/jmeter/5.6.3/libexec/lib/ext/jmeter-plugins-manager-1.9.jar with filter ExtendsClassFilter [parents=[interface org.apache.jmeter.functions.Function], inner=false, contains=null, notContains=null]. Consider exposing JMeter plugins via META-INF/services, and add JMeter-Skip-Class-Scanning=true manifest attribute so JMeter can skip classfile scanning
2026-04-07 21:31:24,774 INFO o.a.j.JMeter: Running test (1775586684774)
2026-04-07 21:31:24,781 INFO o.a.j.e.StandardJMeterEngine: Starting ThreadGroup: 1 : Async Analytics Submission Load
2026-04-07 21:31:24,781 INFO o.a.j.e.StandardJMeterEngine: Starting 30 threads for group Async Analytics Submission Load.
2026-04-07 21:31:24,781 INFO o.a.j.e.StandardJMeterEngine: Thread will continue on error
2026-04-07 21:31:24,781 INFO o.a.j.t.ThreadGroup: Starting thread group... number=1 threads=30 ramp-up=15 delayedStart=false
2026-04-07 21:31:24,784 INFO o.a.j.t.JMeterThread: Thread started: Async Analytics Submission Load 1-1
2026-04-07 21:31:24,787 INFO o.a.j.t.ThreadGroup: Started thread group number 1
2026-04-07 21:31:24,787 INFO o.a.j.e.StandardJMeterEngine: Starting ThreadGroup: 2 : RoadMap Items Read Load
2026-04-07 21:31:24,787 INFO o.a.j.e.StandardJMeterEngine: Starting 60 threads for group RoadMap Items Read Load.
2026-04-07 21:31:24,787 INFO o.a.j.e.StandardJMeterEngine: Thread will continue on error
2026-04-07 21:31:24,787 INFO o.a.j.t.ThreadGroup: Starting thread group... number=2 threads=60 ramp-up=20 delayedStart=false
2026-04-07 21:31:24,788 INFO o.a.j.t.JMeterThread: Thread started: RoadMap Items Read Load 2-1
2026-04-07 21:31:24,793 INFO o.a.j.t.ThreadGroup: Started thread group number 2
2026-04-07 21:31:24,793 INFO o.a.j.e.StandardJMeterEngine: Starting ThreadGroup: 3 : Race Condition Endpoint Load
2026-04-07 21:31:24,793 INFO o.a.j.e.StandardJMeterEngine: Starting 8 threads for group Race Condition Endpoint Load.
2026-04-07 21:31:24,793 INFO o.a.j.e.StandardJMeterEngine: Thread will continue on error
2026-04-07 21:31:24,793 INFO o.a.j.t.ThreadGroup: Starting thread group... number=3 threads=8 ramp-up=8 delayedStart=false
2026-04-07 21:31:24,793 INFO o.a.j.t.JMeterThread: Thread started: Race Condition Endpoint Load 3-1
2026-04-07 21:31:24,794 INFO o.a.j.t.ThreadGroup: Started thread group number 3
2026-04-07 21:31:24,794 INFO o.a.j.e.StandardJMeterEngine: All thread groups have been started
2026-04-07 21:31:24,796 INFO o.a.j.p.h.s.HTTPHCAbstractImpl: Local host = Noutbuk-Vladislav.local
2026-04-07 21:31:24,798 INFO o.a.j.p.h.s.HTTPHC4Impl: HTTP request retry count = 0
2026-04-07 21:31:24,799 INFO o.a.j.s.SampleResult: Note: Sample TimeStamps are START times
2026-04-07 21:31:24,799 INFO o.a.j.s.SampleResult: sampleresult.default.encoding is set to UTF-8
2026-04-07 21:31:24,799 INFO o.a.j.s.SampleResult: sampleresult.useNanoTime=true
2026-04-07 21:31:24,799 INFO o.a.j.s.SampleResult: sampleresult.nanoThreadSleep=5000
2026-04-07 21:31:25,125 INFO o.a.j.t.JMeterThread: Thread started: RoadMap Items Read Load 2-2
2026-04-07 21:31:25,286 INFO o.a.j.t.JMeterThread: Thread started: Async Analytics Submission Load 1-2
2026-04-07 21:31:25,456 INFO o.a.j.t.JMeterThread: Thread started: RoadMap Items Read Load 2-3
2026-04-07 21:31:25,713 INFO o.a.j.t.JMeterThread: Thread is done: RoadMap Items Read Load 2-1
2026-04-07 21:31:25,713 INFO o.a.j.t.JMeterThread: Thread finished: RoadMap Items Read Load 2-1
2026-04-07 21:31:25,730 INFO o.a.j.t.JMeterThread: Thread is done: RoadMap Items Read Load 2-2
2026-04-07 21:31:25,730 INFO o.a.j.t.JMeterThread: Thread finished: RoadMap Items Read Load 2-2
2026-04-07 21:31:25,783 INFO o.a.j.t.JMeterThread: Thread started: Async Analytics Submission Load 1-3
2026-04-07 21:31:25,787 INFO o.a.j.t.JMeterThread: Thread started: RoadMap Items Read Load 2-4
2026-04-07 21:31:25,790 INFO o.a.j.t.JMeterThread: Thread is done: RoadMap Items Read Load 2-3
2026-04-07 21:31:25,790 INFO o.a.j.t.JMeterThread: Thread finished: RoadMap Items Read Load 2-3
2026-04-07 21:31:25,794 INFO o.a.j.t.JMeterThread: Thread started: Race Condition Endpoint Load 3-2
2026-04-07 21:31:25,974 INFO o.a.j.t.JMeterThread: Thread is done: RoadMap Items Read Load 2-4
2026-04-07 21:31:25,974 INFO o.a.j.t.JMeterThread: Thread finished: RoadMap Items Read Load 2-4
2026-04-07 21:31:26,122 INFO o.a.j.t.JMeterThread: Thread started: RoadMap Items Read Load 2-5
2026-04-07 21:31:26,284 INFO o.a.j.t.JMeterThread: Thread started: Async Analytics Submission Load 1-4
2026-04-07 21:31:26,370 INFO o.a.j.t.JMeterThread: Thread is done: RoadMap Items Read Load 2-5
2026-04-07 21:31:26,370 INFO o.a.j.t.JMeterThread: Thread finished: RoadMap Items Read Load 2-5
2026-04-07 21:31:26,455 INFO o.a.j.t.JMeterThread: Thread started: RoadMap Items Read Load 2-6
2026-04-07 21:31:26,662 INFO o.a.j.t.JMeterThread: Thread is done: RoadMap Items Read Load 2-6
2026-04-07 21:31:26,663 INFO o.a.j.t.JMeterThread: Thread finished: RoadMap Items Read Load 2-6
2026-04-07 21:31:26,785 INFO o.a.j.t.JMeterThread: Thread started: RoadMap Items Read Load 2-7
2026-04-07 21:31:26,786 INFO o.a.j.t.JMeterThread: Thread started: Async Analytics Submission Load 1-5
2026-04-07 21:31:26,795 INFO o.a.j.t.JMeterThread: Thread started: Race Condition Endpoint Load 3-3
2026-04-07 21:31:27,005 INFO o.a.j.t.JMeterThread: Thread is done: RoadMap Items Read Load 2-7
2026-04-07 21:31:27,005 INFO o.a.j.t.JMeterThread: Thread finished: RoadMap Items Read Load 2-7
2026-04-07 21:31:27,034 INFO o.a.j.t.JMeterThread: Thread is done: Race Condition Endpoint Load 3-1
2026-04-07 21:31:27,034 INFO o.a.j.t.JMeterThread: Thread finished: Race Condition Endpoint Load 3-1
2026-04-07 21:31:27,119 INFO o.a.j.t.JMeterThread: Thread started: RoadMap Items Read Load 2-8
2026-04-07 21:31:27,268 INFO o.a.j.t.JMeterThread: Thread is done: Race Condition Endpoint Load 3-2
2026-04-07 21:31:27,268 INFO o.a.j.t.JMeterThread: Thread finished: Race Condition Endpoint Load 3-2
2026-04-07 21:31:27,281 INFO o.a.j.t.JMeterThread: Thread started: Async Analytics Submission Load 1-6
2026-04-07 21:31:27,483 INFO o.a.j.t.JMeterThread: Thread started: RoadMap Items Read Load 2-9
2026-04-07 21:31:27,507 INFO o.a.j.t.JMeterThread: Thread is done: RoadMap Items Read Load 2-8
2026-04-07 21:31:27,507 INFO o.a.j.t.JMeterThread: Thread finished: RoadMap Items Read Load 2-8
2026-04-07 21:31:27,759 INFO o.a.j.t.JMeterThread: Thread is done: RoadMap Items Read Load 2-9
2026-04-07 21:31:27,759 INFO o.a.j.t.JMeterThread: Thread finished: RoadMap Items Read Load 2-9
2026-04-07 21:31:27,785 INFO o.a.j.t.JMeterThread: Thread started: Async Analytics Submission Load 1-7
2026-04-07 21:31:27,789 INFO o.a.j.t.JMeterThread: Thread started: RoadMap Items Read Load 2-10
2026-04-07 21:31:27,793 INFO o.a.j.t.JMeterThread: Thread started: Race Condition Endpoint Load 3-4
2026-04-07 21:31:27,999 INFO o.a.j.t.JMeterThread: Thread is done: RoadMap Items Read Load 2-10
2026-04-07 21:31:27,999 INFO o.a.j.t.JMeterThread: Thread finished: RoadMap Items Read Load 2-10
2026-04-07 21:31:28,117 INFO o.a.j.t.JMeterThread: Thread started: RoadMap Items Read Load 2-11
2026-04-07 21:31:28,187 INFO o.a.j.t.JMeterThread: Thread is done: Race Condition Endpoint Load 3-3
2026-04-07 21:31:28,187 INFO o.a.j.t.JMeterThread: Thread finished: Race Condition Endpoint Load 3-3
2026-04-07 21:31:28,285 INFO o.a.j.t.JMeterThread: Thread started: Async Analytics Submission Load 1-8
2026-04-07 21:31:28,318 INFO o.a.j.t.JMeterThread: Thread is done: RoadMap Items Read Load 2-11
2026-04-07 21:31:28,318 INFO o.a.j.t.JMeterThread: Thread finished: RoadMap Items Read Load 2-11
2026-04-07 21:31:28,455 INFO o.a.j.t.JMeterThread: Thread started: RoadMap Items Read Load 2-12
2026-04-07 21:31:28,690 INFO o.a.j.t.JMeterThread: Thread is done: RoadMap Items Read Load 2-12
2026-04-07 21:31:28,690 INFO o.a.j.t.JMeterThread: Thread finished: RoadMap Items Read Load 2-12
2026-04-07 21:31:28,725 INFO o.a.j.t.JMeterThread: Thread is done: Race Condition Endpoint Load 3-4
2026-04-07 21:31:28,725 INFO o.a.j.t.JMeterThread: Thread finished: Race Condition Endpoint Load 3-4
2026-04-07 21:31:28,787 INFO o.a.j.t.JMeterThread: Thread started: Async Analytics Submission Load 1-9
2026-04-07 21:31:28,788 INFO o.a.j.t.JMeterThread: Thread started: RoadMap Items Read Load 2-13
2026-04-07 21:31:28,794 INFO o.a.j.t.JMeterThread: Thread started: Race Condition Endpoint Load 3-5
2026-04-07 21:31:28,981 INFO o.a.j.t.JMeterThread: Thread is done: RoadMap Items Read Load 2-13
2026-04-07 21:31:28,981 INFO o.a.j.t.JMeterThread: Thread finished: RoadMap Items Read Load 2-13
2026-04-07 21:31:29,118 INFO o.a.j.t.JMeterThread: Thread started: RoadMap Items Read Load 2-14
2026-04-07 21:31:29,286 INFO o.a.j.t.JMeterThread: Thread started: Async Analytics Submission Load 1-10
2026-04-07 21:31:29,340 INFO o.a.j.t.JMeterThread: Thread is done: RoadMap Items Read Load 2-14
2026-04-07 21:31:29,340 INFO o.a.j.t.JMeterThread: Thread finished: RoadMap Items Read Load 2-14
2026-04-07 21:31:29,451 INFO o.a.j.t.JMeterThread: Thread started: RoadMap Items Read Load 2-15
2026-04-07 21:31:29,714 INFO o.a.j.t.JMeterThread: Thread is done: Race Condition Endpoint Load 3-5
2026-04-07 21:31:29,714 INFO o.a.j.t.JMeterThread: Thread finished: Race Condition Endpoint Load 3-5
2026-04-07 21:31:29,724 INFO o.a.j.t.JMeterThread: Thread is done: RoadMap Items Read Load 2-15
2026-04-07 21:31:29,724 INFO o.a.j.t.JMeterThread: Thread finished: RoadMap Items Read Load 2-15
2026-04-07 21:31:29,782 INFO o.a.j.t.JMeterThread: Thread started: Async Analytics Submission Load 1-11
2026-04-07 21:31:29,787 INFO o.a.j.t.JMeterThread: Thread started: RoadMap Items Read Load 2-16
2026-04-07 21:31:29,794 INFO o.a.j.t.JMeterThread: Thread started: Race Condition Endpoint Load 3-6
2026-04-07 21:31:29,953 INFO o.a.j.t.JMeterThread: Thread is done: RoadMap Items Read Load 2-16
2026-04-07 21:31:29,953 INFO o.a.j.t.JMeterThread: Thread finished: RoadMap Items Read Load 2-16
2026-04-07 21:31:30,037 INFO o.a.j.r.Summariser: summary +    230 in 00:00:05 =   43.7/s Avg:    53 Min:     1 Max:  1165 Err:     0 (0.00%) Active: 12 Started: 33 Finished: 21
2026-04-07 21:31:30,041 INFO o.a.j.t.JMeterThread: Thread is done: Async Analytics Submission Load 1-1
2026-04-07 21:31:30,042 INFO o.a.j.t.JMeterThread: Thread finished: Async Analytics Submission Load 1-1
2026-04-07 21:31:30,116 INFO o.a.j.t.JMeterThread: Thread started: RoadMap Items Read Load 2-17
2026-04-07 21:31:30,282 INFO o.a.j.t.JMeterThread: Thread started: Async Analytics Submission Load 1-12
2026-04-07 21:31:30,329 INFO o.a.j.t.JMeterThread: Thread is done: Async Analytics Submission Load 1-2
2026-04-07 21:31:30,330 INFO o.a.j.t.JMeterThread: Thread finished: Async Analytics Submission Load 1-2
2026-04-07 21:31:30,418 INFO o.a.j.t.JMeterThread: Thread is done: RoadMap Items Read Load 2-17
2026-04-07 21:31:30,418 INFO o.a.j.t.JMeterThread: Thread finished: RoadMap Items Read Load 2-17
2026-04-07 21:31:30,449 INFO o.a.j.t.JMeterThread: Thread started: RoadMap Items Read Load 2-18
2026-04-07 21:31:30,639 INFO o.a.j.t.JMeterThread: Thread is done: RoadMap Items Read Load 2-18
2026-04-07 21:31:30,640 INFO o.a.j.t.JMeterThread: Thread finished: RoadMap Items Read Load 2-18
2026-04-07 21:31:30,685 INFO o.a.j.t.JMeterThread: Thread is done: Race Condition Endpoint Load 3-6
2026-04-07 21:31:30,685 INFO o.a.j.t.JMeterThread: Thread finished: Race Condition Endpoint Load 3-6
2026-04-07 21:31:30,781 INFO o.a.j.t.JMeterThread: Thread started: Async Analytics Submission Load 1-13
2026-04-07 21:31:30,781 INFO o.a.j.t.JMeterThread: Thread started: RoadMap Items Read Load 2-19
2026-04-07 21:31:30,798 INFO o.a.j.t.JMeterThread: Thread started: Race Condition Endpoint Load 3-7
2026-04-07 21:31:30,823 INFO o.a.j.t.JMeterThread: Thread is done: Async Analytics Submission Load 1-3
2026-04-07 21:31:30,823 INFO o.a.j.t.JMeterThread: Thread finished: Async Analytics Submission Load 1-3
2026-04-07 21:31:30,960 INFO o.a.j.t.JMeterThread: Thread is done: RoadMap Items Read Load 2-19
2026-04-07 21:31:30,961 INFO o.a.j.t.JMeterThread: Thread finished: RoadMap Items Read Load 2-19
2026-04-07 21:31:31,114 INFO o.a.j.t.JMeterThread: Thread started: RoadMap Items Read Load 2-20
2026-04-07 21:31:31,282 INFO o.a.j.t.JMeterThread: Thread started: Async Analytics Submission Load 1-14
2026-04-07 21:31:31,300 INFO o.a.j.t.JMeterThread: Thread is done: RoadMap Items Read Load 2-20
2026-04-07 21:31:31,300 INFO o.a.j.t.JMeterThread: Thread finished: RoadMap Items Read Load 2-20
2026-04-07 21:31:31,316 INFO o.a.j.t.JMeterThread: Thread is done: Async Analytics Submission Load 1-4
2026-04-07 21:31:31,316 INFO o.a.j.t.JMeterThread: Thread finished: Async Analytics Submission Load 1-4
2026-04-07 21:31:31,448 INFO o.a.j.t.JMeterThread: Thread started: RoadMap Items Read Load 2-21
2026-04-07 21:31:31,637 INFO o.a.j.t.JMeterThread: Thread is done: RoadMap Items Read Load 2-21
2026-04-07 21:31:31,637 INFO o.a.j.t.JMeterThread: Thread finished: RoadMap Items Read Load 2-21
2026-04-07 21:31:31,639 INFO o.a.j.t.JMeterThread: Thread is done: Race Condition Endpoint Load 3-7
2026-04-07 21:31:31,639 INFO o.a.j.t.JMeterThread: Thread finished: Race Condition Endpoint Load 3-7
2026-04-07 21:31:31,782 INFO o.a.j.t.JMeterThread: Thread started: RoadMap Items Read Load 2-22
2026-04-07 21:31:31,783 INFO o.a.j.t.JMeterThread: Thread started: Async Analytics Submission Load 1-15
2026-04-07 21:31:31,793 INFO o.a.j.t.JMeterThread: Thread started: Race Condition Endpoint Load 3-8
2026-04-07 21:31:31,818 INFO o.a.j.t.JMeterThread: Thread is done: Async Analytics Submission Load 1-5
2026-04-07 21:31:31,818 INFO o.a.j.t.JMeterThread: Thread finished: Async Analytics Submission Load 1-5
2026-04-07 21:31:31,978 INFO o.a.j.t.JMeterThread: Thread is done: RoadMap Items Read Load 2-22
2026-04-07 21:31:31,978 INFO o.a.j.t.JMeterThread: Thread finished: RoadMap Items Read Load 2-22
2026-04-07 21:31:32,115 INFO o.a.j.t.JMeterThread: Thread started: RoadMap Items Read Load 2-23
2026-04-07 21:31:32,282 INFO o.a.j.t.JMeterThread: Thread started: Async Analytics Submission Load 1-16
2026-04-07 21:31:32,299 INFO o.a.j.t.JMeterThread: Thread is done: RoadMap Items Read Load 2-23
2026-04-07 21:31:32,299 INFO o.a.j.t.JMeterThread: Thread finished: RoadMap Items Read Load 2-23
2026-04-07 21:31:32,321 INFO o.a.j.t.JMeterThread: Thread is done: Async Analytics Submission Load 1-6
2026-04-07 21:31:32,321 INFO o.a.j.t.JMeterThread: Thread finished: Async Analytics Submission Load 1-6
2026-04-07 21:31:32,449 INFO o.a.j.t.JMeterThread: Thread started: RoadMap Items Read Load 2-24
2026-04-07 21:31:32,640 INFO o.a.j.t.JMeterThread: Thread is done: Race Condition Endpoint Load 3-8
2026-04-07 21:31:32,641 INFO o.a.j.t.JMeterThread: Thread finished: Race Condition Endpoint Load 3-8
2026-04-07 21:31:32,725 INFO o.a.j.t.JMeterThread: Thread is done: RoadMap Items Read Load 2-24
2026-04-07 21:31:32,725 INFO o.a.j.t.JMeterThread: Thread finished: RoadMap Items Read Load 2-24
2026-04-07 21:31:32,784 INFO o.a.j.t.JMeterThread: Thread started: RoadMap Items Read Load 2-25
2026-04-07 21:31:32,786 INFO o.a.j.t.JMeterThread: Thread started: Async Analytics Submission Load 1-17
2026-04-07 21:31:32,818 INFO o.a.j.t.JMeterThread: Thread is done: Async Analytics Submission Load 1-7
2026-04-07 21:31:32,818 INFO o.a.j.t.JMeterThread: Thread finished: Async Analytics Submission Load 1-7
2026-04-07 21:31:32,928 INFO o.a.j.t.JMeterThread: Thread is done: RoadMap Items Read Load 2-25
2026-04-07 21:31:32,928 INFO o.a.j.t.JMeterThread: Thread finished: RoadMap Items Read Load 2-25
2026-04-07 21:31:33,115 INFO o.a.j.t.JMeterThread: Thread started: RoadMap Items Read Load 2-26
2026-04-07 21:31:33,270 INFO o.a.j.t.JMeterThread: Thread is done: RoadMap Items Read Load 2-26
2026-04-07 21:31:33,270 INFO o.a.j.t.JMeterThread: Thread finished: RoadMap Items Read Load 2-26
2026-04-07 21:31:33,286 INFO o.a.j.t.JMeterThread: Thread started: Async Analytics Submission Load 1-18
2026-04-07 21:31:33,322 INFO o.a.j.t.JMeterThread: Thread is done: Async Analytics Submission Load 1-8
2026-04-07 21:31:33,322 INFO o.a.j.t.JMeterThread: Thread finished: Async Analytics Submission Load 1-8
2026-04-07 21:31:33,449 INFO o.a.j.t.JMeterThread: Thread started: RoadMap Items Read Load 2-27
2026-04-07 21:31:33,643 INFO o.a.j.t.JMeterThread: Thread is done: RoadMap Items Read Load 2-27
2026-04-07 21:31:33,643 INFO o.a.j.t.JMeterThread: Thread finished: RoadMap Items Read Load 2-27
2026-04-07 21:31:33,782 INFO o.a.j.t.JMeterThread: Thread started: Async Analytics Submission Load 1-19
2026-04-07 21:31:33,783 INFO o.a.j.t.JMeterThread: Thread started: RoadMap Items Read Load 2-28
2026-04-07 21:31:33,847 INFO o.a.j.t.JMeterThread: Thread is done: Async Analytics Submission Load 1-9
2026-04-07 21:31:33,847 INFO o.a.j.t.JMeterThread: Thread finished: Async Analytics Submission Load 1-9
2026-04-07 21:31:33,995 INFO o.a.j.t.JMeterThread: Thread is done: RoadMap Items Read Load 2-28
2026-04-07 21:31:33,995 INFO o.a.j.t.JMeterThread: Thread finished: RoadMap Items Read Load 2-28
2026-04-07 21:31:34,116 INFO o.a.j.t.JMeterThread: Thread started: RoadMap Items Read Load 2-29
2026-04-07 21:31:34,263 INFO o.a.j.t.JMeterThread: Thread is done: RoadMap Items Read Load 2-29
2026-04-07 21:31:34,263 INFO o.a.j.t.JMeterThread: Thread finished: RoadMap Items Read Load 2-29
2026-04-07 21:31:34,283 INFO o.a.j.t.JMeterThread: Thread started: Async Analytics Submission Load 1-20
2026-04-07 21:31:34,350 INFO o.a.j.t.JMeterThread: Thread is done: Async Analytics Submission Load 1-10
2026-04-07 21:31:34,350 INFO o.a.j.t.JMeterThread: Thread finished: Async Analytics Submission Load 1-10
2026-04-07 21:31:34,448 INFO o.a.j.t.JMeterThread: Thread started: RoadMap Items Read Load 2-30
2026-04-07 21:31:34,572 INFO o.a.j.t.JMeterThread: Thread is done: RoadMap Items Read Load 2-30
2026-04-07 21:31:34,572 INFO o.a.j.t.JMeterThread: Thread finished: RoadMap Items Read Load 2-30
2026-04-07 21:31:34,782 INFO o.a.j.t.JMeterThread: Thread started: Async Analytics Submission Load 1-21
2026-04-07 21:31:34,783 INFO o.a.j.t.JMeterThread: Thread started: RoadMap Items Read Load 2-31
2026-04-07 21:31:34,854 INFO o.a.j.t.JMeterThread: Thread is done: Async Analytics Submission Load 1-11
2026-04-07 21:31:34,854 INFO o.a.j.t.JMeterThread: Thread finished: Async Analytics Submission Load 1-11
2026-04-07 21:31:34,915 INFO o.a.j.t.JMeterThread: Thread is done: RoadMap Items Read Load 2-31
2026-04-07 21:31:34,915 INFO o.a.j.t.JMeterThread: Thread finished: RoadMap Items Read Load 2-31
2026-04-07 21:31:35,112 INFO o.a.j.t.JMeterThread: Thread started: RoadMap Items Read Load 2-32
2026-04-07 21:31:35,281 INFO o.a.j.t.JMeterThread: Thread started: Async Analytics Submission Load 1-22
2026-04-07 21:31:35,302 INFO o.a.j.t.JMeterThread: Thread is done: RoadMap Items Read Load 2-32
2026-04-07 21:31:35,302 INFO o.a.j.t.JMeterThread: Thread finished: RoadMap Items Read Load 2-32
2026-04-07 21:31:35,353 INFO o.a.j.t.JMeterThread: Thread is done: Async Analytics Submission Load 1-12
2026-04-07 21:31:35,353 INFO o.a.j.t.JMeterThread: Thread finished: Async Analytics Submission Load 1-12
2026-04-07 21:31:35,444 INFO o.a.j.t.JMeterThread: Thread started: RoadMap Items Read Load 2-33
2026-04-07 21:31:35,618 INFO o.a.j.t.JMeterThread: Thread is done: RoadMap Items Read Load 2-33
2026-04-07 21:31:35,618 INFO o.a.j.t.JMeterThread: Thread finished: RoadMap Items Read Load 2-33
2026-04-07 21:31:35,782 INFO o.a.j.t.JMeterThread: Thread started: RoadMap Items Read Load 2-34
2026-04-07 21:31:35,786 INFO o.a.j.t.JMeterThread: Thread started: Async Analytics Submission Load 1-23
2026-04-07 21:31:35,882 INFO o.a.j.t.JMeterThread: Thread is done: Async Analytics Submission Load 1-13
2026-04-07 21:31:35,882 INFO o.a.j.t.JMeterThread: Thread finished: Async Analytics Submission Load 1-13
2026-04-07 21:31:36,008 INFO o.a.j.t.JMeterThread: Thread is done: RoadMap Items Read Load 2-34
2026-04-07 21:31:36,008 INFO o.a.j.t.JMeterThread: Thread finished: RoadMap Items Read Load 2-34
2026-04-07 21:31:36,111 INFO o.a.j.t.JMeterThread: Thread started: RoadMap Items Read Load 2-35
2026-04-07 21:31:36,230 INFO o.a.j.t.JMeterThread: Thread is done: RoadMap Items Read Load 2-35
2026-04-07 21:31:36,230 INFO o.a.j.t.JMeterThread: Thread finished: RoadMap Items Read Load 2-35
2026-04-07 21:31:36,287 INFO o.a.j.t.JMeterThread: Thread started: Async Analytics Submission Load 1-24
2026-04-07 21:31:36,434 INFO o.a.j.t.JMeterThread: Thread is done: Async Analytics Submission Load 1-14
2026-04-07 21:31:36,434 INFO o.a.j.t.JMeterThread: Thread finished: Async Analytics Submission Load 1-14
2026-04-07 21:31:36,447 INFO o.a.j.t.JMeterThread: Thread started: RoadMap Items Read Load 2-36
2026-04-07 21:31:36,695 INFO o.a.j.t.JMeterThread: Thread is done: RoadMap Items Read Load 2-36
2026-04-07 21:31:36,695 INFO o.a.j.t.JMeterThread: Thread finished: RoadMap Items Read Load 2-36
2026-04-07 21:31:36,777 INFO o.a.j.t.JMeterThread: Thread started: RoadMap Items Read Load 2-37
2026-04-07 21:31:36,783 INFO o.a.j.t.JMeterThread: Thread started: Async Analytics Submission Load 1-25
2026-04-07 21:31:36,919 INFO o.a.j.t.JMeterThread: Thread is done: RoadMap Items Read Load 2-37
2026-04-07 21:31:36,919 INFO o.a.j.t.JMeterThread: Thread finished: RoadMap Items Read Load 2-37
2026-04-07 21:31:36,940 INFO o.a.j.t.JMeterThread: Thread is done: Async Analytics Submission Load 1-15
2026-04-07 21:31:36,940 INFO o.a.j.t.JMeterThread: Thread finished: Async Analytics Submission Load 1-15
2026-04-07 21:31:37,110 INFO o.a.j.t.JMeterThread: Thread started: RoadMap Items Read Load 2-38
2026-04-07 21:31:37,241 INFO o.a.j.t.JMeterThread: Thread is done: RoadMap Items Read Load 2-38
2026-04-07 21:31:37,241 INFO o.a.j.t.JMeterThread: Thread finished: RoadMap Items Read Load 2-38
2026-04-07 21:31:37,284 INFO o.a.j.t.JMeterThread: Thread started: Async Analytics Submission Load 1-26
2026-04-07 21:31:37,442 INFO o.a.j.t.JMeterThread: Thread started: RoadMap Items Read Load 2-39
2026-04-07 21:31:37,444 INFO o.a.j.t.JMeterThread: Thread is done: Async Analytics Submission Load 1-16
2026-04-07 21:31:37,444 INFO o.a.j.t.JMeterThread: Thread finished: Async Analytics Submission Load 1-16
2026-04-07 21:31:37,597 INFO o.a.j.t.JMeterThread: Thread is done: RoadMap Items Read Load 2-39
2026-04-07 21:31:37,597 INFO o.a.j.t.JMeterThread: Thread finished: RoadMap Items Read Load 2-39
2026-04-07 21:31:37,776 INFO o.a.j.t.JMeterThread: Thread started: RoadMap Items Read Load 2-40
2026-04-07 21:31:37,782 INFO o.a.j.t.JMeterThread: Thread started: Async Analytics Submission Load 1-27
2026-04-07 21:31:37,921 INFO o.a.j.t.JMeterThread: Thread is done: RoadMap Items Read Load 2-40
2026-04-07 21:31:37,921 INFO o.a.j.t.JMeterThread: Thread finished: RoadMap Items Read Load 2-40
2026-04-07 21:31:37,946 INFO o.a.j.t.JMeterThread: Thread is done: Async Analytics Submission Load 1-17
2026-04-07 21:31:37,946 INFO o.a.j.t.JMeterThread: Thread finished: Async Analytics Submission Load 1-17
2026-04-07 21:31:38,112 INFO o.a.j.t.JMeterThread: Thread started: RoadMap Items Read Load 2-41
2026-04-07 21:31:38,259 INFO o.a.j.t.JMeterThread: Thread is done: RoadMap Items Read Load 2-41
2026-04-07 21:31:38,259 INFO o.a.j.t.JMeterThread: Thread finished: RoadMap Items Read Load 2-41
2026-04-07 21:31:38,282 INFO o.a.j.t.JMeterThread: Thread started: Async Analytics Submission Load 1-28
2026-04-07 21:31:38,443 INFO o.a.j.t.JMeterThread: Thread started: RoadMap Items Read Load 2-42
2026-04-07 21:31:38,453 INFO o.a.j.t.JMeterThread: Thread is done: Async Analytics Submission Load 1-18
2026-04-07 21:31:38,453 INFO o.a.j.t.JMeterThread: Thread finished: Async Analytics Submission Load 1-18
2026-04-07 21:31:38,584 INFO o.a.j.t.JMeterThread: Thread is done: RoadMap Items Read Load 2-42
2026-04-07 21:31:38,584 INFO o.a.j.t.JMeterThread: Thread finished: RoadMap Items Read Load 2-42
2026-04-07 21:31:38,778 INFO o.a.j.t.JMeterThread: Thread started: RoadMap Items Read Load 2-43
2026-04-07 21:31:38,781 INFO o.a.j.t.JMeterThread: Thread started: Async Analytics Submission Load 1-29
2026-04-07 21:31:38,817 INFO o.a.j.t.JMeterThread: Thread is done: Async Analytics Submission Load 1-19
2026-04-07 21:31:38,817 INFO o.a.j.t.JMeterThread: Thread finished: Async Analytics Submission Load 1-19
2026-04-07 21:31:38,937 INFO o.a.j.t.JMeterThread: Thread is done: RoadMap Items Read Load 2-43
2026-04-07 21:31:38,937 INFO o.a.j.t.JMeterThread: Thread finished: RoadMap Items Read Load 2-43
2026-04-07 21:31:39,111 INFO o.a.j.t.JMeterThread: Thread started: RoadMap Items Read Load 2-44
2026-04-07 21:31:39,260 INFO o.a.j.t.JMeterThread: Thread is done: RoadMap Items Read Load 2-44
2026-04-07 21:31:39,260 INFO o.a.j.t.JMeterThread: Thread finished: RoadMap Items Read Load 2-44
2026-04-07 21:31:39,285 INFO o.a.j.t.JMeterThread: Thread started: Async Analytics Submission Load 1-30
2026-04-07 21:31:39,316 INFO o.a.j.t.JMeterThread: Thread is done: Async Analytics Submission Load 1-20
2026-04-07 21:31:39,316 INFO o.a.j.t.JMeterThread: Thread finished: Async Analytics Submission Load 1-20
2026-04-07 21:31:39,444 INFO o.a.j.t.JMeterThread: Thread started: RoadMap Items Read Load 2-45
2026-04-07 21:31:39,590 INFO o.a.j.t.JMeterThread: Thread is done: RoadMap Items Read Load 2-45
2026-04-07 21:31:39,590 INFO o.a.j.t.JMeterThread: Thread finished: RoadMap Items Read Load 2-45
2026-04-07 21:31:39,777 INFO o.a.j.t.JMeterThread: Thread started: RoadMap Items Read Load 2-46
2026-04-07 21:31:39,811 INFO o.a.j.t.JMeterThread: Thread is done: Async Analytics Submission Load 1-21
2026-04-07 21:31:39,811 INFO o.a.j.t.JMeterThread: Thread finished: Async Analytics Submission Load 1-21
2026-04-07 21:31:39,931 INFO o.a.j.t.JMeterThread: Thread is done: RoadMap Items Read Load 2-46
2026-04-07 21:31:39,931 INFO o.a.j.t.JMeterThread: Thread finished: RoadMap Items Read Load 2-46
2026-04-07 21:31:40,110 INFO o.a.j.t.JMeterThread: Thread started: RoadMap Items Read Load 2-47
2026-04-07 21:31:40,249 INFO o.a.j.t.JMeterThread: Thread is done: RoadMap Items Read Load 2-47
2026-04-07 21:31:40,249 INFO o.a.j.t.JMeterThread: Thread finished: RoadMap Items Read Load 2-47
2026-04-07 21:31:40,313 INFO o.a.j.t.JMeterThread: Thread is done: Async Analytics Submission Load 1-22
2026-04-07 21:31:40,313 INFO o.a.j.t.JMeterThread: Thread finished: Async Analytics Submission Load 1-22
2026-04-07 21:31:40,439 INFO o.a.j.t.JMeterThread: Thread started: RoadMap Items Read Load 2-48
2026-04-07 21:31:40,610 INFO o.a.j.t.JMeterThread: Thread is done: RoadMap Items Read Load 2-48
2026-04-07 21:31:40,610 INFO o.a.j.t.JMeterThread: Thread finished: RoadMap Items Read Load 2-48
2026-04-07 21:31:40,775 INFO o.a.j.t.JMeterThread: Thread started: RoadMap Items Read Load 2-49
2026-04-07 21:31:40,817 INFO o.a.j.t.JMeterThread: Thread is done: Async Analytics Submission Load 1-23
2026-04-07 21:31:40,817 INFO o.a.j.t.JMeterThread: Thread finished: Async Analytics Submission Load 1-23
2026-04-07 21:31:40,930 INFO o.a.j.t.JMeterThread: Thread is done: RoadMap Items Read Load 2-49
2026-04-07 21:31:40,930 INFO o.a.j.t.JMeterThread: Thread finished: RoadMap Items Read Load 2-49
2026-04-07 21:31:41,107 INFO o.a.j.t.JMeterThread: Thread started: RoadMap Items Read Load 2-50
2026-04-07 21:31:41,394 INFO o.a.j.t.JMeterThread: Thread is done: Async Analytics Submission Load 1-24
2026-04-07 21:31:41,394 INFO o.a.j.t.JMeterThread: Thread finished: Async Analytics Submission Load 1-24
2026-04-07 21:31:41,441 INFO o.a.j.t.JMeterThread: Thread started: RoadMap Items Read Load 2-51
2026-04-07 21:31:41,460 INFO o.a.j.t.JMeterThread: Thread is done: RoadMap Items Read Load 2-50
2026-04-07 21:31:41,460 INFO o.a.j.t.JMeterThread: Thread finished: RoadMap Items Read Load 2-50
2026-04-07 21:31:41,616 INFO o.a.j.t.JMeterThread: Thread is done: RoadMap Items Read Load 2-51
2026-04-07 21:31:41,616 INFO o.a.j.t.JMeterThread: Thread finished: RoadMap Items Read Load 2-51
2026-04-07 21:31:41,777 INFO o.a.j.t.JMeterThread: Thread started: RoadMap Items Read Load 2-52
2026-04-07 21:31:41,898 INFO o.a.j.t.JMeterThread: Thread is done: Async Analytics Submission Load 1-25
2026-04-07 21:31:41,898 INFO o.a.j.t.JMeterThread: Thread finished: Async Analytics Submission Load 1-25
2026-04-07 21:31:41,944 INFO o.a.j.t.JMeterThread: Thread is done: RoadMap Items Read Load 2-52
2026-04-07 21:31:41,944 INFO o.a.j.t.JMeterThread: Thread finished: RoadMap Items Read Load 2-52
2026-04-07 21:31:42,106 INFO o.a.j.t.JMeterThread: Thread started: RoadMap Items Read Load 2-53
2026-04-07 21:31:42,266 INFO o.a.j.t.JMeterThread: Thread is done: RoadMap Items Read Load 2-53
2026-04-07 21:31:42,266 INFO o.a.j.t.JMeterThread: Thread finished: RoadMap Items Read Load 2-53
2026-04-07 21:31:42,404 INFO o.a.j.t.JMeterThread: Thread is done: Async Analytics Submission Load 1-26
2026-04-07 21:31:42,404 INFO o.a.j.t.JMeterThread: Thread finished: Async Analytics Submission Load 1-26
2026-04-07 21:31:42,442 INFO o.a.j.t.JMeterThread: Thread started: RoadMap Items Read Load 2-54
2026-04-07 21:31:42,586 INFO o.a.j.t.JMeterThread: Thread is done: RoadMap Items Read Load 2-54
2026-04-07 21:31:42,586 INFO o.a.j.t.JMeterThread: Thread finished: RoadMap Items Read Load 2-54
2026-04-07 21:31:42,769 INFO o.a.j.t.JMeterThread: Thread started: RoadMap Items Read Load 2-55
2026-04-07 21:31:42,907 INFO o.a.j.t.JMeterThread: Thread is done: Async Analytics Submission Load 1-27
2026-04-07 21:31:42,907 INFO o.a.j.t.JMeterThread: Thread finished: Async Analytics Submission Load 1-27
2026-04-07 21:31:42,957 INFO o.a.j.t.JMeterThread: Thread is done: RoadMap Items Read Load 2-55
2026-04-07 21:31:42,957 INFO o.a.j.t.JMeterThread: Thread finished: RoadMap Items Read Load 2-55
2026-04-07 21:31:43,103 INFO o.a.j.t.JMeterThread: Thread started: RoadMap Items Read Load 2-56
2026-04-07 21:31:43,335 INFO o.a.j.t.JMeterThread: Thread is done: RoadMap Items Read Load 2-56
2026-04-07 21:31:43,335 INFO o.a.j.t.JMeterThread: Thread finished: RoadMap Items Read Load 2-56
2026-04-07 21:31:43,408 INFO o.a.j.t.JMeterThread: Thread is done: Async Analytics Submission Load 1-28
2026-04-07 21:31:43,408 INFO o.a.j.t.JMeterThread: Thread finished: Async Analytics Submission Load 1-28
2026-04-07 21:31:43,438 INFO o.a.j.t.JMeterThread: Thread started: RoadMap Items Read Load 2-57
2026-04-07 21:31:43,597 INFO o.a.j.t.JMeterThread: Thread is done: RoadMap Items Read Load 2-57
2026-04-07 21:31:43,597 INFO o.a.j.t.JMeterThread: Thread finished: RoadMap Items Read Load 2-57
2026-04-07 21:31:43,772 INFO o.a.j.t.JMeterThread: Thread started: RoadMap Items Read Load 2-58
2026-04-07 21:31:43,912 INFO o.a.j.t.JMeterThread: Thread is done: Async Analytics Submission Load 1-29
2026-04-07 21:31:43,912 INFO o.a.j.t.JMeterThread: Thread finished: Async Analytics Submission Load 1-29
2026-04-07 21:31:43,938 INFO o.a.j.t.JMeterThread: Thread is done: RoadMap Items Read Load 2-58
2026-04-07 21:31:43,938 INFO o.a.j.t.JMeterThread: Thread finished: RoadMap Items Read Load 2-58
2026-04-07 21:31:44,106 INFO o.a.j.t.JMeterThread: Thread started: RoadMap Items Read Load 2-59
2026-04-07 21:31:44,371 INFO o.a.j.t.JMeterThread: Thread is done: RoadMap Items Read Load 2-59
2026-04-07 21:31:44,371 INFO o.a.j.t.JMeterThread: Thread finished: RoadMap Items Read Load 2-59
2026-04-07 21:31:44,416 INFO o.a.j.t.JMeterThread: Thread is done: Async Analytics Submission Load 1-30
2026-04-07 21:31:44,416 INFO o.a.j.t.JMeterThread: Thread finished: Async Analytics Submission Load 1-30
2026-04-07 21:31:44,439 INFO o.a.j.t.JMeterThread: Thread started: RoadMap Items Read Load 2-60
2026-04-07 21:31:44,623 INFO o.a.j.t.JMeterThread: Thread is done: RoadMap Items Read Load 2-60
2026-04-07 21:31:44,623 INFO o.a.j.t.JMeterThread: Thread finished: RoadMap Items Read Load 2-60
2026-04-07 21:31:44,624 INFO o.a.j.e.StandardJMeterEngine: Notifying test listeners of end of test
2026-04-07 21:31:44,625 INFO o.a.j.r.Summariser: summary +    694 in 00:00:15 =   47.6/s Avg:    15 Min:     0 Max:   359 Err:     0 (0.00%) Active: 0 Started: 98 Finished: 98
2026-04-07 21:31:44,625 INFO o.a.j.r.Summariser: summary =    924 in 00:00:20 =   46.5/s Avg:    25 Min:     0 Max:  1165 Err:     0 (0.00%)
2026-04-07 21:31:44,625 INFO o.a.j.JMeter: Generating Dashboard
2026-04-07 21:31:44,625 INFO o.a.j.r.d.ReportGenerator: Flushing result collector before report Generation
2026-04-07 21:31:44,639 INFO o.a.j.r.p.NormalizerSampleConsumer: Using format, 'ms', to parse timeStamp field
2026-04-07 21:31:44,698 INFO o.a.j.r.p.AbstractSampleConsumer: class org.apache.jmeter.report.processor.AggregateConsumer#stopProducing(): beginDate produced 0 samples
2026-04-07 21:31:44,698 INFO o.a.j.r.p.AbstractSampleConsumer: class org.apache.jmeter.report.processor.AggregateConsumer#stopProducing(): endDate produced 0 samples
2026-04-07 21:31:44,699 INFO o.a.j.r.p.AbstractSampleConsumer: class org.apache.jmeter.report.processor.ApdexSummaryConsumer#stopProducing(): apdexSummary produced 0 samples
2026-04-07 21:31:44,699 INFO o.a.j.r.p.AbstractSampleConsumer: class org.apache.jmeter.report.processor.RequestsSummaryConsumer#stopProducing(): requestsSummary produced 0 samples
2026-04-07 21:31:44,701 INFO o.a.j.r.p.AbstractSampleConsumer: class org.apache.jmeter.report.processor.StatisticsSummaryConsumer#stopProducing(): statisticsSummary produced 0 samples
2026-04-07 21:31:44,702 INFO o.a.j.r.p.AbstractSampleConsumer: class org.apache.jmeter.report.processor.Top5ErrorsBySamplerConsumer#stopProducing(): top5ErrorsBySampler produced 0 samples
2026-04-07 21:31:44,702 INFO o.a.j.r.p.AbstractSampleConsumer: class org.apache.jmeter.report.processor.ErrorsSummaryConsumer#stopProducing(): errorsSummary produced 0 samples
2026-04-07 21:31:44,702 INFO o.a.j.r.p.AbstractSampleConsumer: class org.apache.jmeter.report.processor.graph.impl.HitsPerSecondGraphConsumer#stopProducing(): hitsPerSecond produced 0 samples
2026-04-07 21:31:44,714 INFO o.a.j.r.p.AbstractSampleConsumer: class org.apache.jmeter.report.processor.graph.impl.LatencyVSRequestGraphConsumer#stopProducing(): latencyVsRequest produced 0 samples
2026-04-07 21:31:44,715 INFO o.a.j.r.p.AbstractSampleConsumer: class org.apache.jmeter.report.processor.graph.impl.SyntheticResponseTimeDistributionGraphConsumer#stopProducing(): syntheticResponseTimeDistribution produced 0 samples
2026-04-07 21:31:44,715 INFO o.a.j.r.p.AbstractSampleConsumer: class org.apache.jmeter.report.processor.graph.impl.BytesThroughputGraphConsumer#stopProducing(): bytesThroughputOverTime produced 0 samples
2026-04-07 21:31:44,715 INFO o.a.j.r.p.AbstractSampleConsumer: class org.apache.jmeter.report.processor.graph.impl.CodesPerSecondGraphConsumer#stopProducing(): codesPerSecond produced 0 samples
2026-04-07 21:31:44,722 INFO o.a.j.r.p.AbstractSampleConsumer: class org.apache.jmeter.report.processor.graph.impl.ResponseTimeVSRequestGraphConsumer#stopProducing(): responseTimeVsRequest produced 0 samples
2026-04-07 21:31:44,723 INFO o.a.j.r.p.AbstractSampleConsumer: class org.apache.jmeter.report.processor.FilterConsumer#stopProducing(): startIntervalControlerFilter produced 6468 samples
2026-04-07 21:31:44,723 INFO o.a.j.r.p.AbstractSampleConsumer: class org.apache.jmeter.report.processor.graph.impl.TotalTPSGraphConsumer#stopProducing(): totalTPS produced 0 samples
2026-04-07 21:31:44,723 INFO o.a.j.r.p.AbstractSampleConsumer: class org.apache.jmeter.report.processor.graph.impl.ActiveThreadsGraphConsumer#stopProducing(): activeThreadsOverTime produced 0 samples
2026-04-07 21:31:44,723 INFO o.a.j.r.p.AbstractSampleConsumer: class org.apache.jmeter.report.processor.graph.impl.TimeVSThreadGraphConsumer#stopProducing(): timeVsThreads produced 0 samples
2026-04-07 21:31:44,723 INFO o.a.j.r.p.AbstractSampleConsumer: class org.apache.jmeter.report.processor.graph.impl.ResponseTimeDistributionGraphConsumer#stopProducing(): responseTimeDistribution produced 0 samples
2026-04-07 21:31:44,723 INFO o.a.j.r.p.AbstractSampleConsumer: class org.apache.jmeter.report.processor.graph.impl.TransactionsPerSecondGraphConsumer#stopProducing(): transactionsPerSecond produced 0 samples
2026-04-07 21:31:44,723 INFO o.a.j.r.p.AbstractSampleConsumer: class org.apache.jmeter.report.processor.graph.impl.ResponseTimePercentilesGraphConsumer#stopProducing(): responseTimePercentiles produced 0 samples
2026-04-07 21:31:44,724 INFO o.a.j.r.p.AbstractSampleConsumer: class org.apache.jmeter.report.processor.graph.impl.ResponseTimePercentilesOverTimeGraphConsumer#stopProducing(): responseTimePercentilesOverTime produced 0 samples
2026-04-07 21:31:44,724 INFO o.a.j.r.p.AbstractSampleConsumer: class org.apache.jmeter.report.processor.graph.impl.ResponseTimeOverTimeGraphConsumer#stopProducing(): responseTimesOverTime produced 0 samples
2026-04-07 21:31:44,724 INFO o.a.j.r.p.AbstractSampleConsumer: class org.apache.jmeter.report.processor.graph.impl.ConnectTimeOverTimeGraphConsumer#stopProducing(): connectTimeOverTime produced 0 samples
2026-04-07 21:31:44,724 INFO o.a.j.r.p.AbstractSampleConsumer: class org.apache.jmeter.report.processor.graph.impl.LatencyOverTimeGraphConsumer#stopProducing(): latenciesOverTime produced 0 samples
2026-04-07 21:31:44,724 INFO o.a.j.r.p.AbstractSampleConsumer: class org.apache.jmeter.report.processor.FilterConsumer#stopProducing(): nameFilter produced 13860 samples
2026-04-07 21:31:44,724 INFO o.a.j.r.p.AbstractSampleConsumer: class org.apache.jmeter.report.processor.FilterConsumer#stopProducing(): dateRangeFilter produced 2772 samples
2026-04-07 21:31:44,724 INFO o.a.j.r.p.AbstractSampleConsumer: class org.apache.jmeter.report.processor.NormalizerSampleConsumer#stopProducing(): normalizer produced 924 samples
2026-04-07 21:31:44,725 INFO o.a.j.r.p.CsvFileSampleSource: produce(): 924 samples produced in 70ms on channel 0
2026-04-07 21:31:44,725 INFO o.a.j.r.d.ReportGenerator: Exporting data using exporter:'json' of className:'org.apache.jmeter.report.dashboard.JsonExporter'
2026-04-07 21:31:44,767 INFO o.a.j.r.d.JsonExporter: Found data for consumer statisticsSummary in context
2026-04-07 21:31:44,767 INFO o.a.j.r.d.JsonExporter: Creating statistics for overall
2026-04-07 21:31:44,767 INFO o.a.j.r.d.JsonExporter: Creating statistics for other transactions
2026-04-07 21:31:44,767 INFO o.a.j.r.d.JsonExporter: Checking output folder
2026-04-07 21:31:44,768 INFO o.a.j.r.d.JsonExporter: Writing statistics JSON to /Users/vladislavmogilnyj/programming2course/labs4sem/RoadMap2026/jmeter/results/lab7-html-report/statistics.json
2026-04-07 21:31:44,789 INFO o.a.j.r.d.ReportGenerator: Exporting data using exporter:'html' of className:'org.apache.jmeter.report.dashboard.HtmlTemplateExporter'
2026-04-07 21:31:44,790 INFO o.a.j.r.d.HtmlTemplateExporter: Will generate dashboard in folder: /Users/vladislavmogilnyj/programming2course/labs4sem/RoadMap2026/jmeter/results/lab7-html-report
2026-04-07 21:31:44,841 INFO o.a.j.r.d.HtmlTemplateExporter: Report will be generated in: /Users/vladislavmogilnyj/programming2course/labs4sem/RoadMap2026/jmeter/results/lab7-html-report, creating folder structure
2026-04-07 21:31:44,843 INFO o.a.j.r.d.TemplateVisitor: Copying folder from '/opt/homebrew/Cellar/jmeter/5.6.3/libexec/bin/report-template' to '/Users/vladislavmogilnyj/programming2course/labs4sem/RoadMap2026/jmeter/results/lab7-html-report', got message: /Users/vladislavmogilnyj/programming2course/labs4sem/RoadMap2026/jmeter/results/lab7-html-report, found non empty folder with following content [/Users/vladislavmogilnyj/programming2course/labs4sem/RoadMap2026/jmeter/results/lab7-html-report/statistics.json], will be ignored
2026-04-07 21:31:44,968 INFO o.a.j.JMeter: Dashboard generated
